
*** Running vivado
    with args -log Block_Ram.vds -m64 -product Vivado -mode batch -messageDb vivado.pb -notrace -source Block_Ram.tcl


****** Vivado v2017.3.1 (64-bit)
  **** SW Build 2035080 on Fri Oct 20 14:20:01 MDT 2017
  **** IP Build 2034413 on Fri Oct 20 15:56:25 MDT 2017
    ** Copyright 1986-2017 Xilinx, Inc. All Rights Reserved.

source Block_Ram.tcl -notrace
Starting RTL Elaboration : Time (s): cpu = 00:00:07 ; elapsed = 00:00:08 . Memory (MB): peak = 379.680 ; gain = 97.074
INFO: [Synth 8-638] synthesizing module 'Block_Ram' [p:/18summer/engs031/G19/Etch-a-Sketch/Etch-a-Sketch.srcs/sources_1/ip/Block_Ram/synth/Block_Ram.vhd:73]
INFO: [Synth 8-256] done synthesizing module 'Block_Ram' (9#1) [p:/18summer/engs031/G19/Etch-a-Sketch/Etch-a-Sketch.srcs/sources_1/ip/Block_Ram/synth/Block_Ram.vhd:73]
Finished RTL Elaboration : Time (s): cpu = 00:01:10 ; elapsed = 00:01:13 . Memory (MB): peak = 588.262 ; gain = 305.656
Finished RTL Optimization Phase 1 : Time (s): cpu = 00:01:11 ; elapsed = 00:01:15 . Memory (MB): peak = 588.262 ; gain = 305.656
INFO: [Device 21-403] Loading part xc7a35tcpg236-1
Constraint Validation Runtime : Time (s): cpu = 00:00:00 ; elapsed = 00:00:00.051 . Memory (MB): peak = 645.699 ; gain = 0.000
Finished Constraint Validation : Time (s): cpu = 00:01:21 ; elapsed = 00:01:31 . Memory (MB): peak = 645.699 ; gain = 363.094
Finished Loading Part and Timing Information : Time (s): cpu = 00:01:21 ; elapsed = 00:01:31 . Memory (MB): peak = 645.699 ; gain = 363.094
Finished applying 'set_property' XDC Constraints : Time (s): cpu = 00:01:21 ; elapsed = 00:01:31 . Memory (MB): peak = 645.699 ; gain = 363.094
Finished RTL Optimization Phase 2 : Time (s): cpu = 00:01:21 ; elapsed = 00:01:31 . Memory (MB): peak = 645.699 ; gain = 363.094
Finished Cross Boundary and Area Optimization : Time (s): cpu = 00:01:22 ; elapsed = 00:01:31 . Memory (MB): peak = 645.699 ; gain = 363.094
Finished Applying XDC Timing Constraints : Time (s): cpu = 00:01:30 ; elapsed = 00:01:40 . Memory (MB): peak = 681.336 ; gain = 398.730
Finished Timing Optimization : Time (s): cpu = 00:01:30 ; elapsed = 00:01:40 . Memory (MB): peak = 681.336 ; gain = 398.730
Finished Technology Mapping : Time (s): cpu = 00:01:30 ; elapsed = 00:01:40 . Memory (MB): peak = 690.477 ; gain = 407.871
Finished IO Insertion : Time (s): cpu = 00:01:31 ; elapsed = 00:01:41 . Memory (MB): peak = 690.477 ; gain = 407.871
Finished Renaming Generated Instances : Time (s): cpu = 00:01:31 ; elapsed = 00:01:41 . Memory (MB): peak = 690.477 ; gain = 407.871
Finished Rebuilding User Hierarchy : Time (s): cpu = 00:01:31 ; elapsed = 00:01:41 . Memory (MB): peak = 690.477 ; gain = 407.871
Finished Renaming Generated Ports : Time (s): cpu = 00:01:31 ; elapsed = 00:01:41 . Memory (MB): peak = 690.477 ; gain = 407.871
Finished Handling Custom Attributes : Time (s): cpu = 00:01:31 ; elapsed = 00:01:41 . Memory (MB): peak = 690.477 ; gain = 407.871
Finished Renaming Generated Nets : Time (s): cpu = 00:01:31 ; elapsed = 00:01:41 . Memory (MB): peak = 690.477 ; gain = 407.871

Report Cell Usage: 
+------+---------+------+
|      |Cell     |Count |
+------+---------+------+
|1     |RAMB36E1 |     1|
+------+---------+------+
Finished Writing Synthesis Report : Time (s): cpu = 00:01:31 ; elapsed = 00:01:41 . Memory (MB): peak = 690.477 ; gain = 407.871
synth_design: Time (s): cpu = 00:01:32 ; elapsed = 00:01:43 . Memory (MB): peak = 702.000 ; gain = 428.289
